<?xml version="1.0" encoding="UTF-8"?>
<testsuite name="TestLinkedTree.TestLinkedBinarySearchTree" tests="11" skipped="0" failures="0" errors="0" timestamp="2025-01-09T15:40:23" hostname="LAPTOP-8POH8N1C" time="0.011">
  <properties/>
  <testcase name="testFindElement()" classname="TestLinkedTree.TestLinkedBinarySearchTree" time="0.001"/>
  <testcase name="testFindMax()" classname="TestLinkedTree.TestLinkedBinarySearchTree" time="0.001"/>
  <testcase name="testFindMin()" classname="TestLinkedTree.TestLinkedBinarySearchTree" time="0.001"/>
  <testcase name="testSize()" classname="TestLinkedTree.TestLinkedBinarySearchTree" time="0.001"/>
  <testcase name="testRemoveAllOccurrences()" classname="TestLinkedTree.TestLinkedBinarySearchTree" time="0.001"/>
  <testcase name="testAddElement()" classname="TestLinkedTree.TestLinkedBinarySearchTree" time="0.001"/>
  <testcase name="testFindElementNotFound()" classname="TestLinkedTree.TestLinkedBinarySearchTree" time="0.001"/>
  <testcase name="testRemoveElement()" classname="TestLinkedTree.TestLinkedBinarySearchTree" time="0.001"/>
  <testcase name="testIsEmpty()" classname="TestLinkedTree.TestLinkedBinarySearchTree" time="0.001"/>
  <testcase name="testRemoveMax()" classname="TestLinkedTree.TestLinkedBinarySearchTree" time="0.0"/>
  <testcase name="testRemoveMin()" classname="TestLinkedTree.TestLinkedBinarySearchTree" time="0.0"/>
  <system-out><![CDATA[O target introduzido não existe na arvore
O target introduzido não existe na arvore
O target introduzido não existe na arvore
O target introduzido não existe na arvore
]]></system-out>
  <system-err><![CDATA[]]></system-err>
</testsuite>
